Detecting compiler hash for triplet x64-linux...
The following packages will be built and installed:
  * egl-registry:x64-linux -> 2022-09-20
    glad[core,loader]:x64-linux -> 0.1.36
    glfw3:x64-linux -> 3.3.8#3
  * opengl-registry:x64-linux -> 2022-09-29#1
  * vcpkg-cmake:x64-linux -> 2023-05-04
  * vcpkg-cmake-config:x64-linux -> 2022-02-06#1
Additional packages (*) will be modified to complete this operation.
Restored 6 package(s) from /home/chadthecoder/.cache/vcpkg/archives in 38.1 ms. Use --debug to see more details.
Installing 1/6 vcpkg-cmake-config:x64-linux...
Elapsed time to handle vcpkg-cmake-config:x64-linux: 430 us
Installing 2/6 vcpkg-cmake:x64-linux...
Elapsed time to handle vcpkg-cmake:x64-linux: 315 us
Installing 3/6 egl-registry:x64-linux...
Elapsed time to handle egl-registry:x64-linux: 448 us
Installing 4/6 opengl-registry:x64-linux...
Elapsed time to handle opengl-registry:x64-linux: 940 us
Installing 5/6 glad:x64-linux...
Elapsed time to handle glad:x64-linux: 625 us
Installing 6/6 glfw3:x64-linux...
Elapsed time to handle glfw3:x64-linux: 616 us
Total install time: 3.41 ms
glad provides CMake targets:

  # this is heuristically generated, and may not be correct
  find_package(glad CONFIG REQUIRED)
  target_link_libraries(main PRIVATE glad::glad)

glfw3 provides CMake targets:

  # this is heuristically generated, and may not be correct
  find_package(glfw3 CONFIG REQUIRED)
  target_link_libraries(main PRIVATE glfw)

